<?xml version="1.0" encoding="UTF-8"?>
<!-- Generated by org.testng.reporters.JUnitReportReporter -->
<testsuite hostname="mahmo" failures="0" tests="8" name="CatalogType.CatalogTypeTC" time="15.715" errors="0" timestamp="2024-09-22T22:36:46 EET" skipped="0">
  <testcase classname="CatalogType.CatalogTypeTC" name="clickOnOperationButton" time="0.107"/>
  <system-out/>
  <testcase classname="CatalogType.CatalogTypeTC" name="clickOnAssetsManagement" time="0.135"/>
  <system-out/>
  <testcase classname="CatalogType.CatalogTypeTC" name="clickOnCatalogTypeButton" time="3.127"/>
  <system-out/>
  <testcase classname="CatalogType.CatalogTypeTC" name="closeSideArrow" time="0.107"/>
  <system-out/>
  <testcase classname="CatalogType.CatalogTypeTC" name="addNewProductWithValidData" time="1.504"/>
  <system-out/>
  <testcase classname="CatalogType.CatalogTypeTC" name="addNewProductWithInvalidData" time="2.951"/>
  <system-out/>
  <testcase classname="CatalogType.CatalogTypeTC" name="searchWithValidData" time="3.721"/>
  <system-out/>
  <testcase classname="CatalogType.CatalogTypeTC" name="editProduct" time="4.063"/>
  <system-out/>
</testsuite> <!-- CatalogType.CatalogTypeTC -->
