<?xml version="1.0" encoding="UTF-8"?>
<!-- Generated by org.testng.reporters.JUnitReportReporter -->
<testsuite hostname="mahmo" failures="0" tests="2" name="CashWithdrawalFromBank.CashWithdrawalFromBankTC" time="7.254" errors="0" timestamp="2024-10-03T13:04:17 EET" skipped="0">
  <testcase classname="CashWithdrawalFromBank.CashWithdrawalFromBankTC" name="withdrawalWithValidDataAndInvalidOTP" time="5.894"/>
  <system-out/>
  <testcase classname="CashWithdrawalFromBank.CashWithdrawalFromBankTC" name="withdrawalWithValidDataAndValidOTP" time="1.360"/>
  <system-out/>
</testsuite> <!-- CashWithdrawalFromBank.CashWithdrawalFromBankTC -->
