<?xml version="1.0" encoding="UTF-8"?>
<!-- Generated by org.testng.reporters.JUnitReportReporter -->
<testsuite hostname="mahmo" failures="0" tests="27" name="ExpenseInvoice.ExpenseInvoiceTC" time="43.113" errors="0" timestamp="2025-03-03T14:42:37 EET" skipped="0">
  <testcase classname="ExpenseInvoice.ExpenseInvoiceTC" name="navigate_to_expinse_invoice_page" time="0.757"/>
  <system-out/>
  <testcase classname="ExpenseInvoice.ExpenseInvoiceTC" name="clickOnAddNewBill" time="8.071"/>
  <system-out/>
  <testcase classname="ExpenseInvoice.ExpenseInvoiceTC" name="verifyIfTheUserCanEnterAFirstRowInBillPage" time="2.811"/>
  <system-out/>
  <testcase classname="ExpenseInvoice.ExpenseInvoiceTC" name="uploadAttachment" time="4.062"/>
  <system-out/>
  <testcase classname="ExpenseInvoice.ExpenseInvoiceTC" name="addNewBillWithEmptyData" time="0.485"/>
  <system-out/>
  <testcase classname="ExpenseInvoice.ExpenseInvoiceTC" name="addNewBill" time="3.450"/>
  <system-out/>
  <testcase classname="ExpenseInvoice.ExpenseInvoiceTC" name="verifyTheAmountWithNoTax" time="0.156"/>
  <system-out/>
  <testcase classname="ExpenseInvoice.ExpenseInvoiceTC" name="addTwoNewLineBill" time="3.490"/>
  <system-out/>
  <testcase classname="ExpenseInvoice.ExpenseInvoiceTC" name="verifyTheAmountWith10Tax" time="0.168"/>
  <system-out/>
  <testcase classname="ExpenseInvoice.ExpenseInvoiceTC" name="addThreeNewLineBill" time="3.557"/>
  <system-out/>
  <testcase classname="ExpenseInvoice.ExpenseInvoiceTC" name="verifyThe15TaxRate" time="0.117"/>
  <system-out/>
  <testcase classname="ExpenseInvoice.ExpenseInvoiceTC" name="addFourNewLineBill" time="3.492"/>
  <system-out/>
  <testcase classname="ExpenseInvoice.ExpenseInvoiceTC" name="verifyThe20TaxRate" time="0.124"/>
  <system-out/>
  <testcase classname="ExpenseInvoice.ExpenseInvoiceTC" name="verifyIfTotalAmountInFooterGreaterThanTotalAmountOnHeader" time="1.835"/>
  <system-out/>
  <testcase classname="ExpenseInvoice.ExpenseInvoiceTC" name="verifyIfTotalAmountInFooterLessThanTotalAmountOnHeader" time="3.299"/>
  <system-out/>
  <testcase classname="ExpenseInvoice.ExpenseInvoiceTC" name="verifyTheTotalAmountOnFooter" time="0.048"/>
  <system-out/>
  <testcase classname="ExpenseInvoice.ExpenseInvoiceTC" name="verifyGSTNumberFromNoTaxField" time="0.127"/>
  <system-out/>
  <testcase classname="ExpenseInvoice.ExpenseInvoiceTC" name="verifyGSTNumberFrom10TaxField" time="0.092"/>
  <system-out/>
  <testcase classname="ExpenseInvoice.ExpenseInvoiceTC" name="verifyGSTNumberFrom15TaxField" time="0.106"/>
  <system-out/>
  <testcase classname="ExpenseInvoice.ExpenseInvoiceTC" name="verifyGSTNumberFrom20TaxField" time="0.087"/>
  <system-out/>
  <testcase classname="ExpenseInvoice.ExpenseInvoiceTC" name="verifyTheTotalGST" time="0.094"/>
  <system-out/>
  <testcase classname="ExpenseInvoice.ExpenseInvoiceTC" name="verifySubTotalAmount" time="0.039"/>
  <system-out/>
  <testcase classname="ExpenseInvoice.ExpenseInvoiceTC" name="verifyApprovedButtonIsNotClickableWhenTheTotalAmountNotEqualAmout" time="0.073"/>
  <system-out/>
  <testcase classname="ExpenseInvoice.ExpenseInvoiceTC" name="verifyApprovedButtonIsClickableWhenTotalAmountEqualAmout" time="3.174"/>
  <system-out/>
  <testcase classname="ExpenseInvoice.ExpenseInvoiceTC" name="verifyClickOnApprovedButton" time="2.671"/>
  <system-out/>
  <testcase classname="ExpenseInvoice.ExpenseInvoiceTC" name="verifyClickOnApprovedButtonInPopup" time="0.675"/>
  <system-out/>
  <testcase classname="ExpenseInvoice.ExpenseInvoiceTC" name="verifyTheNumberOfAttchment" time="0.053"/>
  <system-out/>
</testsuite> <!-- ExpenseInvoice.ExpenseInvoiceTC -->
