<?xml version="1.0" encoding="UTF-8"?>
<!-- Generated by org.testng.reporters.JUnitReportReporter -->
<testsuite hostname="mahmo" failures="0" tests="4" name="BankAccounts.BankAccountTC" time="10.995" errors="0" timestamp="2024-10-10T11:01:41 EET" skipped="0">
  <testcase classname="BankAccounts.BankAccountTC" name="addNewAccount" time="2.541"/>
  <system-out/>
  <testcase classname="BankAccounts.BankAccountTC" name="searchWithValidData" time="3.158"/>
  <system-out/>
  <testcase classname="BankAccounts.BankAccountTC" name="editBankAccountWithActiveData" time="1.376"/>
  <system-out/>
  <testcase classname="BankAccounts.BankAccountTC" name="editBankAccountWithInActiveData" time="3.920"/>
  <system-out/>
</testsuite> <!-- BankAccounts.BankAccountTC -->
