<?xml version="1.0" encoding="UTF-8"?>
<!-- Generated by org.testng.reporters.JUnitReportReporter -->
<testsuite hostname="mahmo" failures="0" tests="3" name="Kiosk.KioskTC" time="18.097" errors="0" timestamp="2024-10-15T11:21:11 EET" skipped="0">
  <testcase classname="Kiosk.KioskTC" name="addNewKiosk" time="13.386"/>
  <system-out/>
  <testcase classname="Kiosk.KioskTC" name="verifyStatusAndAccessLockAndVIPIcons" time="0.783"/>
  <system-out/>
  <testcase classname="Kiosk.KioskTC" name="searchWithValidData" time="3.928"/>
  <system-out/>
</testsuite> <!-- Kiosk.KioskTC -->
