<?xml version="1.0" encoding="UTF-8"?>
<!-- Generated by org.testng.reporters.JUnitReportReporter -->
<testsuite hostname="mahmo" failures="0" tests="8" name="Login.LoginPageTC" time="35.796" errors="0" timestamp="2024-09-22T22:32:31 EET" skipped="0">
  <testcase classname="Login.LoginPageTC" name="TC1_invalid_username_invalid_password" time="4.054"/>
  <system-out/>
  <testcase classname="Login.LoginPageTC" name="TC2_invalid_username_valid_password" time="19.791"/>
  <system-out/>
  <testcase classname="Login.LoginPageTC" name="TC3_valid_username_invalid_password" time="0.890"/>
  <system-out/>
  <testcase classname="Login.LoginPageTC" name="TC4_empty_username_valid_password" time="0.541"/>
  <system-out/>
  <testcase classname="Login.LoginPageTC" name="TC5_valid_username_empty_password" time="0.322"/>
  <system-out/>
  <testcase classname="Login.LoginPageTC" name="TC6_empty_username_empty_password" time="0.419"/>
  <system-out/>
  <testcase classname="Login.LoginPageTC" name="TC7_valid_username_valid_password" time="9.674"/>
  <system-out/>
  <testcase classname="Login.LoginPageTC" name="TC8_verify_the_title" time="0.105"/>
  <system-out/>
</testsuite> <!-- Login.LoginPageTC -->
